<?xml version="1.0" encoding="UTF-8"?>
<coverage generated="1617077368009" clover="3.2.0">
  <project timestamp="1617077368009" name="All files">
    <metrics statements="44" coveredstatements="44" conditionals="20" coveredconditionals="17" methods="14" coveredmethods="14" elements="78" coveredelements="75" complexity="0" loc="44" ncloc="44" packages="1" files="3" classes="3"/>
    <file name="entrega.js" path="/home/fabioboris/js/testes/exemplos/automatico/entrega.js">
      <metrics statements="4" coveredstatements="4" conditionals="0" coveredconditionals="0" methods="1" coveredmethods="1"/>
      <line num="2" count="1" type="stmt"/>
      <line num="3" count="1" type="stmt"/>
      <line num="4" count="1" type="stmt"/>
      <line num="5" count="1" type="stmt"/>
    </file>
    <file name="produto.js" path="/home/fabioboris/js/testes/exemplos/automatico/produto.js">
      <metrics statements="11" coveredstatements="11" conditionals="10" coveredconditionals="10" methods="2" coveredmethods="2"/>
      <line num="3" count="7" type="stmt"/>
      <line num="4" count="7" type="stmt"/>
      <line num="5" count="7" type="stmt"/>
      <line num="6" count="7" type="stmt"/>
      <line num="8" count="7" type="cond" truecount="6" falsecount="0"/>
      <line num="13" count="4" type="stmt"/>
      <line num="16" count="3" type="cond" truecount="4" falsecount="0"/>
      <line num="17" count="2" type="stmt"/>
      <line num="22" count="1" type="stmt"/>
      <line num="23" count="1" type="stmt"/>
      <line num="25" count="1" type="stmt"/>
    </file>
    <file name="sacola.js" path="/home/fabioboris/js/testes/exemplos/automatico/sacola.js">
      <metrics statements="29" coveredstatements="29" conditionals="10" coveredconditionals="7" methods="11" coveredmethods="11"/>
      <line num="1" count="1" type="stmt"/>
      <line num="2" count="1" type="stmt"/>
      <line num="5" count="1" type="cond" truecount="1" falsecount="1"/>
      <line num="6" count="1" type="stmt"/>
      <line num="7" count="1" type="stmt"/>
      <line num="13" count="1" type="stmt"/>
      <line num="14" count="6" type="cond" truecount="2" falsecount="0"/>
      <line num="15" count="1" type="stmt"/>
      <line num="18" count="7" type="stmt"/>
      <line num="19" count="5" type="cond" truecount="2" falsecount="0"/>
      <line num="20" count="1" type="stmt"/>
      <line num="22" count="4" type="stmt"/>
      <line num="26" count="1" type="stmt"/>
      <line num="27" count="2" type="stmt"/>
      <line num="28" count="1" type="cond" truecount="1" falsecount="1"/>
      <line num="29" count="1" type="stmt"/>
      <line num="33" count="1" type="stmt"/>
      <line num="34" count="1" type="stmt"/>
      <line num="37" count="1" type="stmt"/>
      <line num="38" count="1" type="stmt"/>
      <line num="41" count="1" type="stmt"/>
      <line num="42" count="3" type="stmt"/>
      <line num="43" count="8" type="stmt"/>
      <line num="44" count="5" type="stmt"/>
      <line num="46" count="3" type="stmt"/>
      <line num="47" count="3" type="stmt"/>
      <line num="48" count="3" type="cond" truecount="1" falsecount="1"/>
      <line num="49" count="3" type="stmt"/>
      <line num="52" count="3" type="stmt"/>
    </file>
  </project>
</coverage>
