TN:
SF:entrega.js
FN:1,calcularEntrega
FNF:1
FNH:1
FNDA:1,calcularEntrega
DA:2,1
DA:3,1
DA:4,1
DA:5,1
LF:4
LH:4
BRF:0
BRH:0
end_of_record
TN:
SF:produto.js
FN:2,(anonymous_0)
FN:21,(anonymous_1)
FNF:2
FNH:2
FNDA:7,(anonymous_0)
FNDA:1,(anonymous_1)
DA:3,7
DA:4,7
DA:5,7
DA:6,7
DA:8,7
DA:13,4
DA:16,3
DA:17,2
DA:22,1
DA:23,1
DA:25,1
LF:11
LH:11
BRDA:8,0,0,4
BRDA:8,0,1,3
BRDA:8,1,0,7
BRDA:8,1,1,6
BRDA:8,1,2,5
BRDA:8,1,3,4
BRDA:16,2,0,2
BRDA:16,2,1,1
BRDA:16,3,0,3
BRDA:16,3,1,2
BRF:10
BRH:10
end_of_record
TN:
SF:sacola.js
FN:4,Sacola
FN:13,(anonymous_1)
FN:18,(anonymous_2)
FN:26,(anonymous_3)
FN:27,(anonymous_4)
FN:33,(anonymous_5)
FN:34,(anonymous_6)
FN:37,(anonymous_7)
FN:41,(anonymous_8)
FN:43,(anonymous_9)
FN:44,(anonymous_10)
FNF:11
FNH:11
FNDA:1,Sacola
FNDA:6,(anonymous_1)
FNDA:7,(anonymous_2)
FNDA:1,(anonymous_3)
FNDA:2,(anonymous_4)
FNDA:1,(anonymous_5)
FNDA:1,(anonymous_6)
FNDA:1,(anonymous_7)
FNDA:3,(anonymous_8)
FNDA:8,(anonymous_9)
FNDA:5,(anonymous_10)
DA:1,1
DA:2,1
DA:5,1
DA:6,1
DA:7,1
DA:13,1
DA:14,6
DA:15,1
DA:18,7
DA:19,5
DA:20,1
DA:22,4
DA:26,1
DA:27,2
DA:28,1
DA:29,1
DA:33,1
DA:34,1
DA:37,1
DA:38,1
DA:41,1
DA:42,3
DA:43,8
DA:44,5
DA:46,3
DA:47,3
DA:48,3
DA:49,3
DA:52,3
LF:29
LH:29
BRDA:5,0,0,1
BRDA:5,0,1,0
BRDA:14,1,0,1
BRDA:14,1,1,5
BRDA:19,2,0,1
BRDA:19,2,1,4
BRDA:28,3,0,1
BRDA:28,3,1,0
BRDA:48,4,0,3
BRDA:48,4,1,0
BRF:10
BRH:7
end_of_record
